# JRE version: OpenJDK Runtime Environment Temurin-17.0.7+7 (17.0.7+7) (build 17.0.7+7)
# Java VM: OpenJDK 64-Bit Server VM Temurin-17.0.7+7 (17.0.7+7, mixed mode, tiered, compressed oops, compressed class ptrs, parallel gc, linux-amd64)
GC Precious Log:
 CPUs: 4 total, 4 available
 Memory: 7823M
 Large Page Support: Disabled
 NUMA Support: Disabled
 Compressed Oops: Enabled (32-bit)
 Alignments: Space 512K, Generation 512K, Heap 2M
 Heap Min Capacity: 100M
 Heap Initial Capacity: 100M
 Heap Max Capacity: 1G
 Pre-touch: Disabled
 Parallel Workers: 4
Heap:
 PSYoungGen      total 4608K, used 481K [0x00000000eab00000, 0x00000000eb780000, 0x0000000100000000)
  eden space 4096K, 0% used [0x00000000eab00000,0x00000000eab00000,0x00000000eaf00000)
  from space 512K, 93% used [0x00000000eb280000,0x00000000eb2f8440,0x00000000eb300000)
  to   space 3584K, 0% used [0x00000000eaf00000,0x00000000eaf00000,0x00000000eb280000)
 ParOldGen       total 151040K, used 148332K [0x00000000c0000000, 0x00000000c9380000, 0x00000000eab00000)
  object space 151040K, 98% used [0x00000000c0000000,0x00000000c90db370,0x00000000c9380000)
 Metaspace       used 91099K, committed 92480K, reserved 1179648K
  class space    used 9328K, committed 9984K, reserved 1048576K
GC Heap History (20 events):
Event: 393.968 GC heap after
{Heap after GC invocations=2170 (full 67):
 PSYoungGen      total 5632K, used 841K [0x00000000eab00000, 0x00000000eb480000, 0x0000000100000000)
  eden space 4608K, 0% used [0x00000000eab00000,0x00000000eab00000,0x00000000eaf80000)
  from space 1024K, 82% used [0x00000000eb300000,0x00000000eb3d2400,0x00000000eb400000)
  to   space 512K, 0% used [0x00000000eb400000,0x00000000eb400000,0x00000000eb480000)
 ParOldGen       total 151040K, used 139834K [0x00000000c0000000, 0x00000000c9380000, 0x00000000eab00000)
  object space 151040K, 92% used [0x00000000c0000000,0x00000000c888e8d0,0x00000000c9380000)
 Metaspace       used 91086K, committed 92480K, reserved 1179648K
  class space    used 9328K, committed 9984K, reserved 1048576K
}
Event: 394.094 GC heap before
{Heap before GC invocations=2171 (full 67):
 PSYoungGen      total 5632K, used 5449K [0x00000000eab00000, 0x00000000eb480000, 0x0000000100000000)
  eden space 4608K, 100% used [0x00000000eab00000,0x00000000eaf80000,0x00000000eaf80000)
  from space 1024K, 82% used [0x00000000eb300000,0x00000000eb3d2400,0x00000000eb400000)
  to   space 512K, 0% used [0x00000000eb400000,0x00000000eb400000,0x00000000eb480000)
 ParOldGen       total 151040K, used 139834K [0x00000000c0000000, 0x00000000c9380000, 0x00000000eab00000)
  object space 151040K, 92% used [0x00000000c0000000,0x00000000c888e8d0,0x00000000c9380000)
 Metaspace       used 91086K, committed 92480K, reserved 1179648K
  class space    used 9328K, committed 9984K, reserved 1048576K
}
Event: 394.097 GC heap after
{Heap after GC invocations=2171 (full 67):
 PSYoungGen      total 5120K, used 489K [0x00000000eab00000, 0x00000000eb480000, 0x0000000100000000)
  eden space 4608K, 0% used [0x00000000eab00000,0x00000000eab00000,0x00000000eaf80000)
  from space 512K, 95% used [0x00000000eb400000,0x00000000eb47a400,0x00000000eb480000)
  to   space 1536K, 0% used [0x00000000eb180000,0x00000000eb180000,0x00000000eb300000)
 ParOldGen       total 151040K, used 140731K [0x00000000c0000000, 0x00000000c9380000, 0x00000000eab00000)
  object space 151040K, 93% used [0x00000000c0000000,0x00000000c896ef78,0x00000000c9380000)
 Metaspace       used 91086K, committed 92480K, reserved 1179648K
  class space    used 9328K, committed 9984K, reserved 1048576K
}
Event: 394.110 GC heap before
{Heap before GC invocations=2172 (full 67):
 PSYoungGen      total 5120K, used 5097K [0x00000000eab00000, 0x00000000eb480000, 0x0000000100000000)
  eden space 4608K, 100% used [0x00000000eab00000,0x00000000eaf80000,0x00000000eaf80000)
  from space 512K, 95% used [0x00000000eb400000,0x00000000eb47a400,0x00000000eb480000)
  to   space 1536K, 0% used [0x00000000eb180000,0x00000000eb180000,0x00000000eb300000)
 ParOldGen       total 151040K, used 140731K [0x00000000c0000000, 0x00000000c9380000, 0x00000000eab00000)
  object space 151040K, 93% used [0x00000000c0000000,0x00000000c896ef78,0x00000000c9380000)
 Metaspace       used 91086K, committed 92480K, reserved 1179648K
  class space    used 9328K, committed 9984K, reserved 1048576K
}
Event: 394.113 GC heap after
{Heap after GC invocations=2172 (full 67):
 PSYoungGen      total 6144K, used 672K [0x00000000eab00000, 0x00000000eb480000, 0x0000000100000000)
  eden space 4608K, 0% used [0x00000000eab00000,0x00000000eab00000,0x00000000eaf80000)
  from space 1536K, 43% used [0x00000000eb180000,0x00000000eb228000,0x00000000eb300000)
  to   space 1024K, 0% used [0x00000000eb380000,0x00000000eb380000,0x00000000eb480000)
 ParOldGen       total 151040K, used 141223K [0x00000000c0000000, 0x00000000c9380000, 0x00000000eab00000)
  object space 151040K, 93% used [0x00000000c0000000,0x00000000c89e9de8,0x00000000c9380000)
 Metaspace       used 91086K, committed 92480K, reserved 1179648K
  class space    used 9328K, committed 9984K, reserved 1048576K
}
Event: 394.129 GC heap before
{Heap before GC invocations=2173 (full 67):
 PSYoungGen      total 6144K, used 5280K [0x00000000eab00000, 0x00000000eb480000, 0x0000000100000000)
  eden space 4608K, 100% used [0x00000000eab00000,0x00000000eaf80000,0x00000000eaf80000)
  from space 1536K, 43% used [0x00000000eb180000,0x00000000eb228000,0x00000000eb300000)
  to   space 1024K, 0% used [0x00000000eb380000,0x00000000eb380000,0x00000000eb480000)
 ParOldGen       total 151040K, used 141223K [0x00000000c0000000, 0x00000000c9380000, 0x00000000eab00000)
  object space 151040K, 93% used [0x00000000c0000000,0x00000000c89e9de8,0x00000000c9380000)
 Metaspace       used 91086K, committed 92480K, reserved 1179648K
  class space    used 9328K, committed 9984K, reserved 1048576K
}
Event: 394.132 GC heap after
{Heap after GC invocations=2173 (full 67):
 PSYoungGen      total 5632K, used 937K [0x00000000eab00000, 0x00000000eb480000, 0x0000000100000000)
  eden space 4608K, 0% used [0x00000000eab00000,0x00000000eab00000,0x00000000eaf80000)
  from space 1024K, 91% used [0x00000000eb380000,0x00000000eb46a400,0x00000000eb480000)
  to   space 1024K, 0% used [0x00000000eb280000,0x00000000eb280000,0x00000000eb380000)
 ParOldGen       total 151040K, used 141843K [0x00000000c0000000, 0x00000000c9380000, 0x00000000eab00000)
  object space 151040K, 93% used [0x00000000c0000000,0x00000000c8a84e18,0x00000000c9380000)
 Metaspace       used 91086K, committed 92480K, reserved 1179648K
  class space    used 9328K, committed 9984K, reserved 1048576K
}
Event: 394.140 GC heap before
{Heap before GC invocations=2174 (full 67):
 PSYoungGen      total 5632K, used 5545K [0x00000000eab00000, 0x00000000eb480000, 0x0000000100000000)
  eden space 4608K, 100% used [0x00000000eab00000,0x00000000eaf80000,0x00000000eaf80000)
  from space 1024K, 91% used [0x00000000eb380000,0x00000000eb46a400,0x00000000eb480000)
  to   space 1024K, 0% used [0x00000000eb280000,0x00000000eb280000,0x00000000eb380000)
 ParOldGen       total 151040K, used 141843K [0x00000000c0000000, 0x00000000c9380000, 0x00000000eab00000)
  object space 151040K, 93% used [0x00000000c0000000,0x00000000c8a84e18,0x00000000c9380000)
 Metaspace       used 91086K, committed 92480K, reserved 1179648K
  class space    used 9328K, committed 9984K, reserved 1048576K
}
Event: 394.143 GC heap after
{Heap after GC invocations=2174 (full 67):
 PSYoungGen      total 6144K, used 480K [0x00000000eab00000, 0x00000000eb400000, 0x0000000100000000)
  eden space 5632K, 0% used [0x00000000eab00000,0x00000000eab00000,0x00000000eb080000)
  from space 512K, 93% used [0x00000000eb280000,0x00000000eb2f8000,0x00000000eb300000)
  to   space 1024K, 0% used [0x00000000eb300000,0x00000000eb300000,0x00000000eb400000)
 ParOldGen       total 151040K, used 142752K [0x00000000c0000000, 0x00000000c9380000, 0x00000000eab00000)
  object space 151040K, 94% used [0x00000000c0000000,0x00000000c8b682a8,0x00000000c9380000)
 Metaspace       used 91086K, committed 92480K, reserved 1179648K
  class space    used 9328K, committed 9984K, reserved 1048576K
}
Event: 394.259 GC heap before
{Heap before GC invocations=2175 (full 67):
 PSYoungGen      total 6144K, used 6112K [0x00000000eab00000, 0x00000000eb400000, 0x0000000100000000)
  eden space 5632K, 100% used [0x00000000eab00000,0x00000000eb080000,0x00000000eb080000)
  from space 512K, 93% used [0x00000000eb280000,0x00000000eb2f8000,0x00000000eb300000)
  to   space 1024K, 0% used [0x00000000eb300000,0x00000000eb300000,0x00000000eb400000)
 ParOldGen       total 151040K, used 142752K [0x00000000c0000000, 0x00000000c9380000, 0x00000000eab00000)
  object space 151040K, 94% used [0x00000000c0000000,0x00000000c8b682a8,0x00000000c9380000)
 Metaspace       used 91086K, committed 92480K, reserved 1179648K
  class space    used 9328K, committed 9984K, reserved 1048576K
}
Event: 394.263 GC heap after
{Heap after GC invocations=2175 (full 67):
 PSYoungGen      total 6656K, used 1017K [0x00000000eab00000, 0x00000000eb400000, 0x0000000100000000)
  eden space 5632K, 0% used [0x00000000eab00000,0x00000000eab00000,0x00000000eb080000)
  from space 1024K, 99% used [0x00000000eb300000,0x00000000eb3fe410,0x00000000eb400000)
  to   space 1536K, 0% used [0x00000000eb100000,0x00000000eb100000,0x00000000eb280000)
 ParOldGen       total 151040K, used 143192K [0x00000000c0000000, 0x00000000c9380000, 0x00000000eab00000)
  object space 151040K, 94% used [0x00000000c0000000,0x00000000c8bd62a8,0x00000000c9380000)
 Metaspace       used 91086K, committed 92480K, reserved 1179648K
  class space    used 9328K, committed 9984K, reserved 1048576K
}
Event: 394.280 GC heap before
{Heap before GC invocations=2176 (full 67):
 PSYoungGen      total 6656K, used 6648K [0x00000000eab00000, 0x00000000eb400000, 0x0000000100000000)
  eden space 5632K, 99% used [0x00000000eab00000,0x00000000eb07ff00,0x00000000eb080000)
  from space 1024K, 99% used [0x00000000eb300000,0x00000000eb3fe410,0x00000000eb400000)
  to   space 1536K, 0% used [0x00000000eb100000,0x00000000eb100000,0x00000000eb280000)
 ParOldGen       total 151040K, used 143192K [0x00000000c0000000, 0x00000000c9380000, 0x00000000eab00000)
  object space 151040K, 94% used [0x00000000c0000000,0x00000000c8bd62a8,0x00000000c9380000)
 Metaspace       used 91086K, committed 92480K, reserved 1179648K
  class space    used 9328K, committed 9984K, reserved 1048576K
}
Event: 394.283 GC heap after
{Heap after GC invocations=2176 (full 67):
 PSYoungGen      total 7168K, used 873K [0x00000000eab00000, 0x00000000eb380000, 0x0000000100000000)
  eden space 5632K, 0% used [0x00000000eab00000,0x00000000eab00000,0x00000000eb080000)
  from space 1536K, 56% used [0x00000000eb100000,0x00000000eb1da400,0x00000000eb280000)
  to   space 1024K, 0% used [0x00000000eb280000,0x00000000eb280000,0x00000000eb380000)
 ParOldGen       total 151040K, used 144101K [0x00000000c0000000, 0x00000000c9380000, 0x00000000eab00000)
  object space 151040K, 95% used [0x00000000c0000000,0x00000000c8cb9738,0x00000000c9380000)
 Metaspace       used 91086K, committed 92480K, reserved 1179648K
  class space    used 9328K, committed 9984K, reserved 1048576K
}
Event: 394.293 GC heap before
{Heap before GC invocations=2177 (full 67):
 PSYoungGen      total 7168K, used 6505K [0x00000000eab00000, 0x00000000eb380000, 0x0000000100000000)
  eden space 5632K, 100% used [0x00000000eab00000,0x00000000eb080000,0x00000000eb080000)
  from space 1536K, 56% used [0x00000000eb100000,0x00000000eb1da400,0x00000000eb280000)
  to   space 1024K, 0% used [0x00000000eb280000,0x00000000eb280000,0x00000000eb380000)
 ParOldGen       total 151040K, used 144101K [0x00000000c0000000, 0x00000000c9380000, 0x00000000eab00000)
  object space 151040K, 95% used [0x00000000c0000000,0x00000000c8cb9738,0x00000000c9380000)
 Metaspace       used 91086K, committed 92480K, reserved 1179648K
  class space    used 9328K, committed 9984K, reserved 1048576K
}
Event: 394.296 GC heap after
{Heap after GC invocations=2177 (full 67):
 PSYoungGen      total 6656K, used 736K [0x00000000eab00000, 0x00000000eb380000, 0x0000000100000000)
  eden space 5632K, 0% used [0x00000000eab00000,0x00000000eab00000,0x00000000eb080000)
  from space 1024K, 71% used [0x00000000eb280000,0x00000000eb338000,0x00000000eb380000)
  to   space 1024K, 0% used [0x00000000eb180000,0x00000000eb180000,0x00000000eb280000)
 ParOldGen       total 151040K, used 144943K [0x00000000c0000000, 0x00000000c9380000, 0x00000000eab00000)
  object space 151040K, 95% used [0x00000000c0000000,0x00000000c8d8bc50,0x00000000c9380000)
 Metaspace       used 91086K, committed 92480K, reserved 1179648K
  class space    used 9328K, committed 9984K, reserved 1048576K
}
Event: 394.397 GC heap before
{Heap before GC invocations=2178 (full 67):
 PSYoungGen      total 6656K, used 6368K [0x00000000eab00000, 0x00000000eb380000, 0x0000000100000000)
  eden space 5632K, 100% used [0x00000000eab00000,0x00000000eb080000,0x00000000eb080000)
  from space 1024K, 71% used [0x00000000eb280000,0x00000000eb338000,0x00000000eb380000)
  to   space 1024K, 0% used [0x00000000eb180000,0x00000000eb180000,0x00000000eb280000)
 ParOldGen       total 151040K, used 144943K [0x00000000c0000000, 0x00000000c9380000, 0x00000000eab00000)
  object space 151040K, 95% used [0x00000000c0000000,0x00000000c8d8bc50,0x00000000c9380000)
 Metaspace       used 91086K, committed 92480K, reserved 1179648K
  class space    used 9328K, committed 9984K, reserved 1048576K
}
Event: 394.400 GC heap after
{Heap after GC invocations=2178 (full 67):
 PSYoungGen      total 6656K, used 884K [0x00000000eab00000, 0x00000000eb300000, 0x0000000100000000)
  eden space 5632K, 0% used [0x00000000eab00000,0x00000000eab00000,0x00000000eb080000)
  from space 1024K, 86% used [0x00000000eb180000,0x00000000eb25d200,0x00000000eb280000)
  to   space 512K, 0% used [0x00000000eb280000,0x00000000eb280000,0x00000000eb300000)
 ParOldGen       total 151040K, used 145639K [0x00000000c0000000, 0x00000000c9380000, 0x00000000eab00000)
  object space 151040K, 96% used [0x00000000c0000000,0x00000000c8e39c50,0x00000000c9380000)
 Metaspace       used 91086K, committed 92480K, reserved 1179648K
  class space    used 9328K, committed 9984K, reserved 1048576K
}
Event: 394.415 GC heap before
{Heap before GC invocations=2179 (full 67):
 PSYoungGen      total 6656K, used 6516K [0x00000000eab00000, 0x00000000eb300000, 0x0000000100000000)
  eden space 5632K, 100% used [0x00000000eab00000,0x00000000eb080000,0x00000000eb080000)
  from space 1024K, 86% used [0x00000000eb180000,0x00000000eb25d200,0x00000000eb280000)
  to   space 512K, 0% used [0x00000000eb280000,0x00000000eb280000,0x00000000eb300000)
 ParOldGen       total 151040K, used 145639K [0x00000000c0000000, 0x00000000c9380000, 0x00000000eab00000)
  object space 151040K, 96% used [0x00000000c0000000,0x00000000c8e39c50,0x00000000c9380000)
 Metaspace       used 91099K, committed 92480K, reserved 1179648K
  class space    used 9328K, committed 9984K, reserved 1048576K
}
Event: 394.419 GC heap after
{Heap after GC invocations=2179 (full 67):
 PSYoungGen      total 4608K, used 481K [0x00000000eab00000, 0x00000000eb780000, 0x0000000100000000)
  eden space 4096K, 0% used [0x00000000eab00000,0x00000000eab00000,0x00000000eaf00000)
  from space 512K, 93% used [0x00000000eb280000,0x00000000eb2f8440,0x00000000eb300000)
  to   space 3584K, 0% used [0x00000000eaf00000,0x00000000eaf00000,0x00000000eb280000)
 ParOldGen       total 151040K, used 148332K [0x00000000c0000000, 0x00000000c9380000, 0x00000000eab00000)
  object space 151040K, 98% used [0x00000000c0000000,0x00000000c90db370,0x00000000c9380000)
 Metaspace       used 91099K, committed 92480K, reserved 1179648K
  class space    used 9328K, committed 9984K, reserved 1048576K
}
Event: 394.419 GC heap before
{Heap before GC invocations=2180 (full 68):
 PSYoungGen      total 4608K, used 481K [0x00000000eab00000, 0x00000000eb780000, 0x0000000100000000)
  eden space 4096K, 0% used [0x00000000eab00000,0x00000000eab00000,0x00000000eaf00000)
  from space 512K, 93% used [0x00000000eb280000,0x00000000eb2f8440,0x00000000eb300000)
  to   space 3584K, 0% used [0x00000000eaf00000,0x00000000eaf00000,0x00000000eb280000)
 ParOldGen       total 151040K, used 148332K [0x00000000c0000000, 0x00000000c9380000, 0x00000000eab00000)
  object space 151040K, 98% used [0x00000000c0000000,0x00000000c90db370,0x00000000c9380000)
 Metaspace       used 91099K, committed 92480K, reserved 1179648K
  class space    used 9328K, committed 9984K, reserved 1048576K
}

