# JRE version: OpenJDK Runtime Environment Temurin-17.0.7+7 (17.0.7+7) (build 17.0.7+7)
# Java VM: OpenJDK 64-Bit Server VM Temurin-17.0.7+7 (17.0.7+7, mixed mode, tiered, compressed oops, compressed class ptrs, parallel gc, linux-amd64)
GC Precious Log:
 CPUs: 4 total, 4 available
 Memory: 7823M
 Large Page Support: Disabled
 NUMA Support: Disabled
 Compressed Oops: Enabled (32-bit)
 Alignments: Space 512K, Generation 512K, Heap 2M
 Heap Min Capacity: 100M
 Heap Initial Capacity: 100M
 Heap Max Capacity: 1G
 Pre-touch: Disabled
 Parallel Workers: 4
Heap:
 PSYoungGen      total 8704K, used 8680K [0x00000000eab00000, 0x00000000eb680000, 0x0000000100000000)
  eden space 7680K, 99% used [0x00000000eab00000,0x00000000eb27fff8,0x00000000eb280000)
  from space 1024K, 97% used [0x00000000eb280000,0x00000000eb37a400,0x00000000eb380000)
  to   space 2048K, 36% used [0x00000000eb480000,0x00000000eb539210,0x00000000eb680000)
 ParOldGen       total 336896K, used 297616K [0x00000000c0000000, 0x00000000d4900000, 0x00000000eab00000)
  object space 336896K, 88% used [0x00000000c0000000,0x00000000d22a4320,0x00000000d4900000)
 Metaspace       used 109857K, committed 111232K, reserved 1179648K
  class space    used 10592K, committed 11200K, reserved 1048576K
GC Heap History (20 events):
Event: 9800.335 GC heap after
{Heap after GC invocations=11295 (full 249):
 PSYoungGen      total 8192K, used 729K [0x00000000eab00000, 0x00000000eb480000, 0x0000000100000000)
  eden space 7168K, 0% used [0x00000000eab00000,0x00000000eab00000,0x00000000eb200000)
  from space 1024K, 71% used [0x00000000eb380000,0x00000000eb436410,0x00000000eb480000)
  to   space 1024K, 0% used [0x00000000eb280000,0x00000000eb280000,0x00000000eb380000)
 ParOldGen       total 336896K, used 288277K [0x00000000c0000000, 0x00000000d4900000, 0x00000000eab00000)
  object space 336896K, 85% used [0x00000000c0000000,0x00000000d1985768,0x00000000d4900000)
 Metaspace       used 109857K, committed 111232K, reserved 1179648K
  class space    used 10592K, committed 11200K, reserved 1048576K
}
Event: 9800.346 GC heap before
{Heap before GC invocations=11296 (full 249):
 PSYoungGen      total 8192K, used 7897K [0x00000000eab00000, 0x00000000eb480000, 0x0000000100000000)
  eden space 7168K, 100% used [0x00000000eab00000,0x00000000eb200000,0x00000000eb200000)
  from space 1024K, 71% used [0x00000000eb380000,0x00000000eb436410,0x00000000eb480000)
  to   space 1024K, 0% used [0x00000000eb280000,0x00000000eb280000,0x00000000eb380000)
 ParOldGen       total 336896K, used 288277K [0x00000000c0000000, 0x00000000d4900000, 0x00000000eab00000)
  object space 336896K, 85% used [0x00000000c0000000,0x00000000d1985768,0x00000000d4900000)
 Metaspace       used 109857K, committed 111232K, reserved 1179648K
  class space    used 10592K, committed 11200K, reserved 1048576K
}
Event: 9800.349 GC heap after
{Heap after GC invocations=11296 (full 249):
 PSYoungGen      total 8192K, used 1001K [0x00000000eab00000, 0x00000000eb600000, 0x0000000100000000)
  eden space 7168K, 0% used [0x00000000eab00000,0x00000000eab00000,0x00000000eb200000)
  from space 1024K, 97% used [0x00000000eb280000,0x00000000eb37a400,0x00000000eb380000)
  to   space 2048K, 0% used [0x00000000eb400000,0x00000000eb400000,0x00000000eb600000)
 ParOldGen       total 336896K, used 288958K [0x00000000c0000000, 0x00000000d4900000, 0x00000000eab00000)
  object space 336896K, 85% used [0x00000000c0000000,0x00000000d1a2fb88,0x00000000d4900000)
 Metaspace       used 109857K, committed 111232K, reserved 1179648K
  class space    used 10592K, committed 11200K, reserved 1048576K
}
Event: 9800.360 GC heap before
{Heap before GC invocations=11297 (full 249):
 PSYoungGen      total 8192K, used 8169K [0x00000000eab00000, 0x00000000eb600000, 0x0000000100000000)
  eden space 7168K, 100% used [0x00000000eab00000,0x00000000eb200000,0x00000000eb200000)
  from space 1024K, 97% used [0x00000000eb280000,0x00000000eb37a400,0x00000000eb380000)
  to   space 2048K, 0% used [0x00000000eb400000,0x00000000eb400000,0x00000000eb600000)
 ParOldGen       total 336896K, used 288958K [0x00000000c0000000, 0x00000000d4900000, 0x00000000eab00000)
  object space 336896K, 85% used [0x00000000c0000000,0x00000000d1a2fb88,0x00000000d4900000)
 Metaspace       used 109857K, committed 111232K, reserved 1179648K
  class space    used 10592K, committed 11200K, reserved 1048576K
}
Event: 9800.365 GC heap after
{Heap after GC invocations=11297 (full 249):
 PSYoungGen      total 9728K, used 1184K [0x00000000eab00000, 0x00000000eb680000, 0x0000000100000000)
  eden space 7680K, 0% used [0x00000000eab00000,0x00000000eab00000,0x00000000eb280000)
  from space 2048K, 57% used [0x00000000eb400000,0x00000000eb528000,0x00000000eb600000)
  to   space 1536K, 0% used [0x00000000eb280000,0x00000000eb280000,0x00000000eb400000)
 ParOldGen       total 336896K, used 289931K [0x00000000c0000000, 0x00000000d4900000, 0x00000000eab00000)
  object space 336896K, 86% used [0x00000000c0000000,0x00000000d1b22fa0,0x00000000d4900000)
 Metaspace       used 109857K, committed 111232K, reserved 1179648K
  class space    used 10592K, committed 11200K, reserved 1048576K
}
Event: 9800.902 GC heap before
{Heap before GC invocations=11298 (full 249):
 PSYoungGen      total 9728K, used 8864K [0x00000000eab00000, 0x00000000eb680000, 0x0000000100000000)
  eden space 7680K, 100% used [0x00000000eab00000,0x00000000eb280000,0x00000000eb280000)
  from space 2048K, 57% used [0x00000000eb400000,0x00000000eb528000,0x00000000eb600000)
  to   space 1536K, 0% used [0x00000000eb280000,0x00000000eb280000,0x00000000eb400000)
 ParOldGen       total 336896K, used 289931K [0x00000000c0000000, 0x00000000d4900000, 0x00000000eab00000)
  object space 336896K, 86% used [0x00000000c0000000,0x00000000d1b22fa0,0x00000000d4900000)
 Metaspace       used 109857K, committed 111232K, reserved 1179648K
  class space    used 10592K, committed 11200K, reserved 1048576K
}
Event: 9800.907 GC heap after
{Heap after GC invocations=11298 (full 249):
 PSYoungGen      total 9216K, used 905K [0x00000000eab00000, 0x00000000eb580000, 0x0000000100000000)
  eden space 7680K, 0% used [0x00000000eab00000,0x00000000eab00000,0x00000000eb280000)
  from space 1536K, 58% used [0x00000000eb280000,0x00000000eb362400,0x00000000eb400000)
  to   space 1536K, 0% used [0x00000000eb400000,0x00000000eb400000,0x00000000eb580000)
 ParOldGen       total 336896K, used 291051K [0x00000000c0000000, 0x00000000d4900000, 0x00000000eab00000)
  object space 336896K, 86% used [0x00000000c0000000,0x00000000d1c3afc0,0x00000000d4900000)
 Metaspace       used 109857K, committed 111232K, reserved 1179648K
  class space    used 10592K, committed 11200K, reserved 1048576K
}
Event: 9800.927 GC heap before
{Heap before GC invocations=11299 (full 249):
 PSYoungGen      total 9216K, used 8585K [0x00000000eab00000, 0x00000000eb580000, 0x0000000100000000)
  eden space 7680K, 100% used [0x00000000eab00000,0x00000000eb280000,0x00000000eb280000)
  from space 1536K, 58% used [0x00000000eb280000,0x00000000eb362400,0x00000000eb400000)
  to   space 1536K, 0% used [0x00000000eb400000,0x00000000eb400000,0x00000000eb580000)
 ParOldGen       total 336896K, used 291051K [0x00000000c0000000, 0x00000000d4900000, 0x00000000eab00000)
  object space 336896K, 86% used [0x00000000c0000000,0x00000000d1c3afc0,0x00000000d4900000)
 Metaspace       used 109857K, committed 111232K, reserved 1179648K
  class space    used 10592K, committed 11200K, reserved 1048576K
}
Event: 9800.930 GC heap after
{Heap after GC invocations=11299 (full 249):
 PSYoungGen      total 9216K, used 1241K [0x00000000eab00000, 0x00000000eb580000, 0x0000000100000000)
  eden space 7680K, 0% used [0x00000000eab00000,0x00000000eab00000,0x00000000eb280000)
  from space 1536K, 80% used [0x00000000eb400000,0x00000000eb536410,0x00000000eb580000)
  to   space 1536K, 0% used [0x00000000eb280000,0x00000000eb280000,0x00000000eb400000)
 ParOldGen       total 336896K, used 291856K [0x00000000c0000000, 0x00000000d4900000, 0x00000000eab00000)
  object space 336896K, 86% used [0x00000000c0000000,0x00000000d1d043f8,0x00000000d4900000)
 Metaspace       used 109857K, committed 111232K, reserved 1179648K
  class space    used 10592K, committed 11200K, reserved 1048576K
}
Event: 9801.172 GC heap before
{Heap before GC invocations=11300 (full 249):
 PSYoungGen      total 9216K, used 8921K [0x00000000eab00000, 0x00000000eb580000, 0x0000000100000000)
  eden space 7680K, 100% used [0x00000000eab00000,0x00000000eb280000,0x00000000eb280000)
  from space 1536K, 80% used [0x00000000eb400000,0x00000000eb536410,0x00000000eb580000)
  to   space 1536K, 0% used [0x00000000eb280000,0x00000000eb280000,0x00000000eb400000)
 ParOldGen       total 336896K, used 291856K [0x00000000c0000000, 0x00000000d4900000, 0x00000000eab00000)
  object space 336896K, 86% used [0x00000000c0000000,0x00000000d1d043f8,0x00000000d4900000)
 Metaspace       used 109857K, committed 111232K, reserved 1179648K
  class space    used 10592K, committed 11200K, reserved 1048576K
}
Event: 9801.178 GC heap after
{Heap after GC invocations=11300 (full 249):
 PSYoungGen      total 9216K, used 1044K [0x00000000eab00000, 0x00000000eb580000, 0x0000000100000000)
  eden space 7680K, 0% used [0x00000000eab00000,0x00000000eab00000,0x00000000eb280000)
  from space 1536K, 68% used [0x00000000eb280000,0x00000000eb385200,0x00000000eb400000)
  to   space 1536K, 0% used [0x00000000eb400000,0x00000000eb400000,0x00000000eb580000)
 ParOldGen       total 336896K, used 293026K [0x00000000c0000000, 0x00000000d4900000, 0x00000000eab00000)
  object space 336896K, 86% used [0x00000000c0000000,0x00000000d1e28840,0x00000000d4900000)
 Metaspace       used 109857K, committed 111232K, reserved 1179648K
  class space    used 10592K, committed 11200K, reserved 1048576K
}
Event: 9801.201 GC heap before
{Heap before GC invocations=11301 (full 249):
 PSYoungGen      total 9216K, used 8724K [0x00000000eab00000, 0x00000000eb580000, 0x0000000100000000)
  eden space 7680K, 100% used [0x00000000eab00000,0x00000000eb280000,0x00000000eb280000)
  from space 1536K, 68% used [0x00000000eb280000,0x00000000eb385200,0x00000000eb400000)
  to   space 1536K, 0% used [0x00000000eb400000,0x00000000eb400000,0x00000000eb580000)
 ParOldGen       total 336896K, used 293026K [0x00000000c0000000, 0x00000000d4900000, 0x00000000eab00000)
  object space 336896K, 86% used [0x00000000c0000000,0x00000000d1e28840,0x00000000d4900000)
 Metaspace       used 109857K, committed 111232K, reserved 1179648K
  class space    used 10592K, committed 11200K, reserved 1048576K
}
Event: 9801.204 GC heap after
{Heap after GC invocations=11301 (full 249):
 PSYoungGen      total 9216K, used 1162K [0x00000000eab00000, 0x00000000eb580000, 0x0000000100000000)
  eden space 7680K, 0% used [0x00000000eab00000,0x00000000eab00000,0x00000000eb280000)
  from space 1536K, 75% used [0x00000000eb400000,0x00000000eb522910,0x00000000eb580000)
  to   space 1536K, 0% used [0x00000000eb280000,0x00000000eb280000,0x00000000eb400000)
 ParOldGen       total 336896K, used 294002K [0x00000000c0000000, 0x00000000d4900000, 0x00000000eab00000)
  object space 336896K, 87% used [0x00000000c0000000,0x00000000d1f1caa0,0x00000000d4900000)
 Metaspace       used 109857K, committed 111232K, reserved 1179648K
  class space    used 10592K, committed 11200K, reserved 1048576K
}
Event: 9801.253 GC heap before
{Heap before GC invocations=11302 (full 249):
 PSYoungGen      total 9216K, used 8842K [0x00000000eab00000, 0x00000000eb580000, 0x0000000100000000)
  eden space 7680K, 99% used [0x00000000eab00000,0x00000000eb27ffd0,0x00000000eb280000)
  from space 1536K, 75% used [0x00000000eb400000,0x00000000eb522910,0x00000000eb580000)
  to   space 1536K, 0% used [0x00000000eb280000,0x00000000eb280000,0x00000000eb400000)
 ParOldGen       total 336896K, used 294002K [0x00000000c0000000, 0x00000000d4900000, 0x00000000eab00000)
  object space 336896K, 87% used [0x00000000c0000000,0x00000000d1f1caa0,0x00000000d4900000)
 Metaspace       used 109857K, committed 111232K, reserved 1179648K
  class space    used 10592K, committed 11200K, reserved 1048576K
}
Event: 9801.257 GC heap after
{Heap after GC invocations=11302 (full 249):
 PSYoungGen      total 9216K, used 954K [0x00000000eab00000, 0x00000000eb580000, 0x0000000100000000)
  eden space 7680K, 0% used [0x00000000eab00000,0x00000000eab00000,0x00000000eb280000)
  from space 1536K, 62% used [0x00000000eb280000,0x00000000eb36e900,0x00000000eb400000)
  to   space 1536K, 0% used [0x00000000eb400000,0x00000000eb400000,0x00000000eb580000)
 ParOldGen       total 336896K, used 295095K [0x00000000c0000000, 0x00000000d4900000, 0x00000000eab00000)
  object space 336896K, 87% used [0x00000000c0000000,0x00000000d202dcc0,0x00000000d4900000)
 Metaspace       used 109857K, committed 111232K, reserved 1179648K
  class space    used 10592K, committed 11200K, reserved 1048576K
}
Event: 9801.270 GC heap before
{Heap before GC invocations=11303 (full 249):
 PSYoungGen      total 9216K, used 8634K [0x00000000eab00000, 0x00000000eb580000, 0x0000000100000000)
  eden space 7680K, 100% used [0x00000000eab00000,0x00000000eb280000,0x00000000eb280000)
  from space 1536K, 62% used [0x00000000eb280000,0x00000000eb36e900,0x00000000eb400000)
  to   space 1536K, 0% used [0x00000000eb400000,0x00000000eb400000,0x00000000eb580000)
 ParOldGen       total 336896K, used 295095K [0x00000000c0000000, 0x00000000d4900000, 0x00000000eab00000)
  object space 336896K, 87% used [0x00000000c0000000,0x00000000d202dcc0,0x00000000d4900000)
 Metaspace       used 109857K, committed 111232K, reserved 1179648K
  class space    used 10592K, committed 11200K, reserved 1048576K
}
Event: 9801.273 GC heap after
{Heap after GC invocations=11303 (full 249):
 PSYoungGen      total 8192K, used 512K [0x00000000eab00000, 0x00000000eb480000, 0x0000000100000000)
  eden space 7680K, 0% used [0x00000000eab00000,0x00000000eab00000,0x00000000eb280000)
  from space 512K, 100% used [0x00000000eb400000,0x00000000eb480000,0x00000000eb480000)
  to   space 1024K, 0% used [0x00000000eb280000,0x00000000eb280000,0x00000000eb380000)
 ParOldGen       total 336896K, used 296039K [0x00000000c0000000, 0x00000000d4900000, 0x00000000eab00000)
  object space 336896K, 87% used [0x00000000c0000000,0x00000000d2119ed8,0x00000000d4900000)
 Metaspace       used 109857K, committed 111232K, reserved 1179648K
  class space    used 10592K, committed 11200K, reserved 1048576K
}
Event: 9801.284 GC heap before
{Heap before GC invocations=11304 (full 249):
 PSYoungGen      total 8192K, used 8192K [0x00000000eab00000, 0x00000000eb480000, 0x0000000100000000)
  eden space 7680K, 100% used [0x00000000eab00000,0x00000000eb280000,0x00000000eb280000)
  from space 512K, 100% used [0x00000000eb400000,0x00000000eb480000,0x00000000eb480000)
  to   space 1024K, 0% used [0x00000000eb280000,0x00000000eb280000,0x00000000eb380000)
 ParOldGen       total 336896K, used 296039K [0x00000000c0000000, 0x00000000d4900000, 0x00000000eab00000)
  object space 336896K, 87% used [0x00000000c0000000,0x00000000d2119ed8,0x00000000d4900000)
 Metaspace       used 109857K, committed 111232K, reserved 1179648K
  class space    used 10592K, committed 11200K, reserved 1048576K
}
Event: 9801.287 GC heap after
{Heap after GC invocations=11304 (full 249):
 PSYoungGen      total 8704K, used 1001K [0x00000000eab00000, 0x00000000eb680000, 0x0000000100000000)
  eden space 7680K, 0% used [0x00000000eab00000,0x00000000eab00000,0x00000000eb280000)
  from space 1024K, 97% used [0x00000000eb280000,0x00000000eb37a400,0x00000000eb380000)
  to   space 2048K, 0% used [0x00000000eb480000,0x00000000eb480000,0x00000000eb680000)
 ParOldGen       total 336896K, used 296611K [0x00000000c0000000, 0x00000000d4900000, 0x00000000eab00000)
  object space 336896K, 88% used [0x00000000c0000000,0x00000000d21a8ef0,0x00000000d4900000)
 Metaspace       used 109857K, committed 111232K, reserved 1179648K
  class space    used 10592K, committed 11200K, reserved 1048576K
}
Event: 9801.775 GC heap before
{Heap before GC invocations=11305 (full 249):
 PSYoungGen      total 8704K, used 8680K [0x00000000eab00000, 0x00000000eb680000, 0x0000000100000000)
  eden space 7680K, 99% used [0x00000000eab00000,0x00000000eb27fff8,0x00000000eb280000)
  from space 1024K, 97% used [0x00000000eb280000,0x00000000eb37a400,0x00000000eb380000)
  to   space 2048K, 0% used [0x00000000eb480000,0x00000000eb480000,0x00000000eb680000)
 ParOldGen       total 336896K, used 296611K [0x00000000c0000000, 0x00000000d4900000, 0x00000000eab00000)
  object space 336896K, 88% used [0x00000000c0000000,0x00000000d21a8ef0,0x00000000d4900000)
 Metaspace       used 109857K, committed 111232K, reserved 1179648K
  class space    used 10592K, committed 11200K, reserved 1048576K
}

