# JRE version: OpenJDK Runtime Environment Temurin-17.0.7+7 (17.0.7+7) (build 17.0.7+7)
# Java VM: OpenJDK 64-Bit Server VM Temurin-17.0.7+7 (17.0.7+7, mixed mode, tiered, compressed oops, compressed class ptrs, parallel gc, linux-amd64)
GC Precious Log:
 CPUs: 4 total, 4 available
 Memory: 7823M
 Large Page Support: Disabled
 NUMA Support: Disabled
 Compressed Oops: Enabled (32-bit)
 Alignments: Space 512K, Generation 512K, Heap 2M
 Heap Min Capacity: 100M
 Heap Initial Capacity: 100M
 Heap Max Capacity: 1G
 Pre-touch: Disabled
 Parallel Workers: 4
Heap:
 PSYoungGen      total 12288K, used 3782K [0x00000000eab00000, 0x00000000ebd00000, 0x0000000100000000)
  eden space 10752K, 25% used [0x00000000eab00000,0x00000000eadb06e8,0x00000000eb580000)
  from space 1536K, 67% used [0x00000000ebb80000,0x00000000ebc81498,0x00000000ebd00000)
  to   space 2560K, 0% used [0x00000000eb800000,0x00000000eb800000,0x00000000eba80000)
 ParOldGen       total 298496K, used 288172K [0x00000000c0000000, 0x00000000d2380000, 0x00000000eab00000)
  object space 298496K, 96% used [0x00000000c0000000,0x00000000d196b0e8,0x00000000d2380000)
 Metaspace       used 105570K, committed 106944K, reserved 1179648K
  class space    used 10437K, committed 11072K, reserved 1048576K
GC Heap History (20 events):
Event: 6477.925 GC heap before
{Heap before GC invocations=4705 (full 97):
 PSYoungGen      total 14848K, used 14434K [0x00000000eab00000, 0x00000000eba80000, 0x0000000100000000)
  eden space 14336K, 98% used [0x00000000eab00000,0x00000000eb8c8bf0,0x00000000eb900000)
  from space 512K, 62% used [0x00000000eba00000,0x00000000eba50000,0x00000000eba80000)
  to   space 512K, 0% used [0x00000000eb980000,0x00000000eb980000,0x00000000eba00000)
 ParOldGen       total 298496K, used 271014K [0x00000000c0000000, 0x00000000d2380000, 0x00000000eab00000)
  object space 298496K, 90% used [0x00000000c0000000,0x00000000d08a9a68,0x00000000d2380000)
 Metaspace       used 105506K, committed 106880K, reserved 1179648K
  class space    used 10437K, committed 11072K, reserved 1048576K
}
Event: 6477.931 GC heap after
{Heap after GC invocations=4705 (full 97):
 PSYoungGen      total 15360K, used 256K [0x00000000eab00000, 0x00000000ebc80000, 0x0000000100000000)
  eden space 14848K, 0% used [0x00000000eab00000,0x00000000eab00000,0x00000000eb980000)
  from space 512K, 50% used [0x00000000eb980000,0x00000000eb9c0000,0x00000000eba00000)
  to   space 512K, 0% used [0x00000000ebc00000,0x00000000ebc00000,0x00000000ebc80000)
 ParOldGen       total 298496K, used 271295K [0x00000000c0000000, 0x00000000d2380000, 0x00000000eab00000)
  object space 298496K, 90% used [0x00000000c0000000,0x00000000d08efec8,0x00000000d2380000)
 Metaspace       used 105506K, committed 106880K, reserved 1179648K
  class space    used 10437K, committed 11072K, reserved 1048576K
}
Event: 6477.946 GC heap before
{Heap before GC invocations=4706 (full 97):
 PSYoungGen      total 15360K, used 15069K [0x00000000eab00000, 0x00000000ebc80000, 0x0000000100000000)
  eden space 14848K, 99% used [0x00000000eab00000,0x00000000eb977690,0x00000000eb980000)
  from space 512K, 50% used [0x00000000eb980000,0x00000000eb9c0000,0x00000000eba00000)
  to   space 512K, 0% used [0x00000000ebc00000,0x00000000ebc00000,0x00000000ebc80000)
 ParOldGen       total 298496K, used 271295K [0x00000000c0000000, 0x00000000d2380000, 0x00000000eab00000)
  object space 298496K, 90% used [0x00000000c0000000,0x00000000d08efec8,0x00000000d2380000)
 Metaspace       used 105506K, committed 106880K, reserved 1179648K
  class space    used 10437K, committed 11072K, reserved 1048576K
}
Event: 6477.950 GC heap after
{Heap after GC invocations=4706 (full 97):
 PSYoungGen      total 17408K, used 256K [0x00000000eab00000, 0x00000000ebd00000, 0x0000000100000000)
  eden space 16896K, 0% used [0x00000000eab00000,0x00000000eab00000,0x00000000ebb80000)
  from space 512K, 50% used [0x00000000ebc00000,0x00000000ebc40000,0x00000000ebc80000)
  to   space 512K, 0% used [0x00000000ebb80000,0x00000000ebb80000,0x00000000ebc00000)
 ParOldGen       total 298496K, used 271511K [0x00000000c0000000, 0x00000000d2380000, 0x00000000eab00000)
  object space 298496K, 90% used [0x00000000c0000000,0x00000000d0925ec8,0x00000000d2380000)
 Metaspace       used 105506K, committed 106880K, reserved 1179648K
  class space    used 10437K, committed 11072K, reserved 1048576K
}
Event: 6477.966 GC heap before
{Heap before GC invocations=4707 (full 97):
 PSYoungGen      total 17408K, used 17141K [0x00000000eab00000, 0x00000000ebd00000, 0x0000000100000000)
  eden space 16896K, 99% used [0x00000000eab00000,0x00000000ebb7d768,0x00000000ebb80000)
  from space 512K, 50% used [0x00000000ebc00000,0x00000000ebc40000,0x00000000ebc80000)
  to   space 512K, 0% used [0x00000000ebb80000,0x00000000ebb80000,0x00000000ebc00000)
 ParOldGen       total 298496K, used 271511K [0x00000000c0000000, 0x00000000d2380000, 0x00000000eab00000)
  object space 298496K, 90% used [0x00000000c0000000,0x00000000d0925ec8,0x00000000d2380000)
 Metaspace       used 105506K, committed 106880K, reserved 1179648K
  class space    used 10437K, committed 11072K, reserved 1048576K
}
Event: 6477.968 GC heap after
{Heap after GC invocations=4707 (full 97):
 PSYoungGen      total 17408K, used 256K [0x00000000eab00000, 0x00000000ebf80000, 0x0000000100000000)
  eden space 16896K, 0% used [0x00000000eab00000,0x00000000eab00000,0x00000000ebb80000)
  from space 512K, 50% used [0x00000000ebb80000,0x00000000ebbc0000,0x00000000ebc00000)
  to   space 512K, 0% used [0x00000000ebf00000,0x00000000ebf00000,0x00000000ebf80000)
 ParOldGen       total 298496K, used 271687K [0x00000000c0000000, 0x00000000d2380000, 0x00000000eab00000)
  object space 298496K, 91% used [0x00000000c0000000,0x00000000d0951ec8,0x00000000d2380000)
 Metaspace       used 105506K, committed 106880K, reserved 1179648K
  class space    used 10437K, committed 11072K, reserved 1048576K
}
Event: 6477.983 GC heap before
{Heap before GC invocations=4708 (full 97):
 PSYoungGen      total 17408K, used 17145K [0x00000000eab00000, 0x00000000ebf80000, 0x0000000100000000)
  eden space 16896K, 99% used [0x00000000eab00000,0x00000000ebb7e6b8,0x00000000ebb80000)
  from space 512K, 50% used [0x00000000ebb80000,0x00000000ebbc0000,0x00000000ebc00000)
  to   space 512K, 0% used [0x00000000ebf00000,0x00000000ebf00000,0x00000000ebf80000)
 ParOldGen       total 298496K, used 271687K [0x00000000c0000000, 0x00000000d2380000, 0x00000000eab00000)
  object space 298496K, 91% used [0x00000000c0000000,0x00000000d0951ec8,0x00000000d2380000)
 Metaspace       used 105506K, committed 106880K, reserved 1179648K
  class space    used 10437K, committed 11072K, reserved 1048576K
}
Event: 6477.985 GC heap after
{Heap after GC invocations=4708 (full 97):
 PSYoungGen      total 20480K, used 372K [0x00000000eab00000, 0x00000000ebf80000, 0x0000000100000000)
  eden space 19968K, 0% used [0x00000000eab00000,0x00000000eab00000,0x00000000ebe80000)
  from space 512K, 72% used [0x00000000ebf00000,0x00000000ebf5d200,0x00000000ebf80000)
  to   space 512K, 0% used [0x00000000ebe80000,0x00000000ebe80000,0x00000000ebf00000)
 ParOldGen       total 298496K, used 271895K [0x00000000c0000000, 0x00000000d2380000, 0x00000000eab00000)
  object space 298496K, 91% used [0x00000000c0000000,0x00000000d0985ec8,0x00000000d2380000)
 Metaspace       used 105506K, committed 106880K, reserved 1179648K
  class space    used 10437K, committed 11072K, reserved 1048576K
}
Event: 6478.005 GC heap before
{Heap before GC invocations=4709 (full 97):
 PSYoungGen      total 20480K, used 20340K [0x00000000eab00000, 0x00000000ebf80000, 0x0000000100000000)
  eden space 19968K, 100% used [0x00000000eab00000,0x00000000ebe80000,0x00000000ebe80000)
  from space 512K, 72% used [0x00000000ebf00000,0x00000000ebf5d200,0x00000000ebf80000)
  to   space 512K, 0% used [0x00000000ebe80000,0x00000000ebe80000,0x00000000ebf00000)
 ParOldGen       total 298496K, used 271895K [0x00000000c0000000, 0x00000000d2380000, 0x00000000eab00000)
  object space 298496K, 91% used [0x00000000c0000000,0x00000000d0985ec8,0x00000000d2380000)
 Metaspace       used 105506K, committed 106880K, reserved 1179648K
  class space    used 10437K, committed 11072K, reserved 1048576K
}
Event: 6478.007 GC heap after
{Heap after GC invocations=4709 (full 97):
 PSYoungGen      total 20480K, used 256K [0x00000000eab00000, 0x00000000ebf80000, 0x0000000100000000)
  eden space 19968K, 0% used [0x00000000eab00000,0x00000000eab00000,0x00000000ebe80000)
  from space 512K, 50% used [0x00000000ebe80000,0x00000000ebec0000,0x00000000ebf00000)
  to   space 512K, 0% used [0x00000000ebf00000,0x00000000ebf00000,0x00000000ebf80000)
 ParOldGen       total 298496K, used 272148K [0x00000000c0000000, 0x00000000d2380000, 0x00000000eab00000)
  object space 298496K, 91% used [0x00000000c0000000,0x00000000d09c5150,0x00000000d2380000)
 Metaspace       used 105506K, committed 106880K, reserved 1179648K
  class space    used 10437K, committed 11072K, reserved 1048576K
}
Event: 6478.493 GC heap before
{Heap before GC invocations=4710 (full 97):
 PSYoungGen      total 20480K, used 20224K [0x00000000eab00000, 0x00000000ebf80000, 0x0000000100000000)
  eden space 19968K, 100% used [0x00000000eab00000,0x00000000ebe80000,0x00000000ebe80000)
  from space 512K, 50% used [0x00000000ebe80000,0x00000000ebec0000,0x00000000ebf00000)
  to   space 512K, 0% used [0x00000000ebf00000,0x00000000ebf00000,0x00000000ebf80000)
 ParOldGen       total 298496K, used 272148K [0x00000000c0000000, 0x00000000d2380000, 0x00000000eab00000)
  object space 298496K, 91% used [0x00000000c0000000,0x00000000d09c5150,0x00000000d2380000)
 Metaspace       used 105507K, committed 106880K, reserved 1179648K
  class space    used 10437K, committed 11072K, reserved 1048576K
}
Event: 6478.497 GC heap after
{Heap after GC invocations=4710 (full 97):
 PSYoungGen      total 19456K, used 490K [0x00000000eab00000, 0x00000000ec180000, 0x0000000100000000)
  eden space 18944K, 0% used [0x00000000eab00000,0x00000000eab00000,0x00000000ebd80000)
  from space 512K, 95% used [0x00000000ebf00000,0x00000000ebf7a910,0x00000000ebf80000)
  to   space 1536K, 0% used [0x00000000ebd80000,0x00000000ebd80000,0x00000000ebf00000)
 ParOldGen       total 298496K, used 272844K [0x00000000c0000000, 0x00000000d2380000, 0x00000000eab00000)
  object space 298496K, 91% used [0x00000000c0000000,0x00000000d0a73150,0x00000000d2380000)
 Metaspace       used 105507K, committed 106880K, reserved 1179648K
  class space    used 10437K, committed 11072K, reserved 1048576K
}
Event: 6478.594 GC heap before
{Heap before GC invocations=4711 (full 97):
 PSYoungGen      total 19456K, used 19434K [0x00000000eab00000, 0x00000000ec180000, 0x0000000100000000)
  eden space 18944K, 100% used [0x00000000eab00000,0x00000000ebd80000,0x00000000ebd80000)
  from space 512K, 95% used [0x00000000ebf00000,0x00000000ebf7a910,0x00000000ebf80000)
  to   space 1536K, 0% used [0x00000000ebd80000,0x00000000ebd80000,0x00000000ebf00000)
 ParOldGen       total 298496K, used 272844K [0x00000000c0000000, 0x00000000d2380000, 0x00000000eab00000)
  object space 298496K, 91% used [0x00000000c0000000,0x00000000d0a73150,0x00000000d2380000)
 Metaspace       used 105507K, committed 106880K, reserved 1179648K
  class space    used 10437K, committed 11072K, reserved 1048576K
}
Event: 6478.599 GC heap after
{Heap after GC invocations=4711 (full 97):
 PSYoungGen      total 20480K, used 1522K [0x00000000eab00000, 0x00000000ec480000, 0x0000000100000000)
  eden space 18944K, 0% used [0x00000000eab00000,0x00000000eab00000,0x00000000ebd80000)
  from space 1536K, 99% used [0x00000000ebd80000,0x00000000ebefc8b0,0x00000000ebf00000)
  to   space 3584K, 0% used [0x00000000ec100000,0x00000000ec100000,0x00000000ec480000)
 ParOldGen       total 298496K, used 274189K [0x00000000c0000000, 0x00000000d2380000, 0x00000000eab00000)
  object space 298496K, 91% used [0x00000000c0000000,0x00000000d0bc37e0,0x00000000d2380000)
 Metaspace       used 105507K, committed 106880K, reserved 1179648K
  class space    used 10437K, committed 11072K, reserved 1048576K
}
Event: 6478.788 GC heap before
{Heap before GC invocations=4712 (full 97):
 PSYoungGen      total 20480K, used 20343K [0x00000000eab00000, 0x00000000ec480000, 0x0000000100000000)
  eden space 18944K, 99% used [0x00000000eab00000,0x00000000ebd61498,0x00000000ebd80000)
  from space 1536K, 99% used [0x00000000ebd80000,0x00000000ebefc8b0,0x00000000ebf00000)
  to   space 3584K, 0% used [0x00000000ec100000,0x00000000ec100000,0x00000000ec480000)
 ParOldGen       total 298496K, used 274189K [0x00000000c0000000, 0x00000000d2380000, 0x00000000eab00000)
  object space 298496K, 91% used [0x00000000c0000000,0x00000000d0bc37e0,0x00000000d2380000)
 Metaspace       used 105508K, committed 106880K, reserved 1179648K
  class space    used 10437K, committed 11072K, reserved 1048576K
}
Event: 6478.797 GC heap after
{Heap after GC invocations=4712 (full 97):
 PSYoungGen      total 14336K, used 3561K [0x00000000eab00000, 0x00000000ed480000, 0x0000000100000000)
  eden space 10752K, 0% used [0x00000000eab00000,0x00000000eab00000,0x00000000eb580000)
  from space 3584K, 99% used [0x00000000ec100000,0x00000000ec47a4f8,0x00000000ec480000)
  to   space 11776K, 0% used [0x00000000eb580000,0x00000000eb580000,0x00000000ec100000)
 ParOldGen       total 298496K, used 280966K [0x00000000c0000000, 0x00000000d2380000, 0x00000000eab00000)
  object space 298496K, 94% used [0x00000000c0000000,0x00000000d1261b18,0x00000000d2380000)
 Metaspace       used 105508K, committed 106880K, reserved 1179648K
  class space    used 10437K, committed 11072K, reserved 1048576K
}
Event: 6480.561 GC heap before
{Heap before GC invocations=4713 (full 97):
 PSYoungGen      total 14336K, used 14313K [0x00000000eab00000, 0x00000000ed480000, 0x0000000100000000)
  eden space 10752K, 99% used [0x00000000eab00000,0x00000000eb57fff0,0x00000000eb580000)
  from space 3584K, 99% used [0x00000000ec100000,0x00000000ec47a4f8,0x00000000ec480000)
  to   space 11776K, 0% used [0x00000000eb580000,0x00000000eb580000,0x00000000ec100000)
 ParOldGen       total 298496K, used 280966K [0x00000000c0000000, 0x00000000d2380000, 0x00000000eab00000)
  object space 298496K, 94% used [0x00000000c0000000,0x00000000d1261b18,0x00000000d2380000)
 Metaspace       used 105566K, committed 106944K, reserved 1179648K
  class space    used 10437K, committed 11072K, reserved 1048576K
}
Event: 6480.566 GC heap after
{Heap after GC invocations=4713 (full 97):
 PSYoungGen      total 14848K, used 3678K [0x00000000eab00000, 0x00000000ec180000, 0x0000000100000000)
  eden space 10752K, 0% used [0x00000000eab00000,0x00000000eab00000,0x00000000eb580000)
  from space 4096K, 89% used [0x00000000eb580000,0x00000000eb917b58,0x00000000eb980000)
  to   space 6144K, 0% used [0x00000000ebb80000,0x00000000ebb80000,0x00000000ec180000)
 ParOldGen       total 298496K, used 284548K [0x00000000c0000000, 0x00000000d2380000, 0x00000000eab00000)
  object space 298496K, 95% used [0x00000000c0000000,0x00000000d15e1198,0x00000000d2380000)
 Metaspace       used 105566K, committed 106944K, reserved 1179648K
  class space    used 10437K, committed 11072K, reserved 1048576K
}
Event: 6481.316 GC heap before
{Heap before GC invocations=4714 (full 97):
 PSYoungGen      total 14848K, used 14430K [0x00000000eab00000, 0x00000000ec180000, 0x0000000100000000)
  eden space 10752K, 100% used [0x00000000eab00000,0x00000000eb580000,0x00000000eb580000)
  from space 4096K, 89% used [0x00000000eb580000,0x00000000eb917b58,0x00000000eb980000)
  to   space 6144K, 0% used [0x00000000ebb80000,0x00000000ebb80000,0x00000000ec180000)
 ParOldGen       total 298496K, used 284548K [0x00000000c0000000, 0x00000000d2380000, 0x00000000eab00000)
  object space 298496K, 95% used [0x00000000c0000000,0x00000000d15e1198,0x00000000d2380000)
 Metaspace       used 105569K, committed 106944K, reserved 1179648K
  class space    used 10437K, committed 11072K, reserved 1048576K
}
Event: 6481.324 GC heap after
{Heap after GC invocations=4714 (full 97):
 PSYoungGen      total 12288K, used 1029K [0x00000000eab00000, 0x00000000ebd00000, 0x0000000100000000)
  eden space 10752K, 0% used [0x00000000eab00000,0x00000000eab00000,0x00000000eb580000)
  from space 1536K, 67% used [0x00000000ebb80000,0x00000000ebc81498,0x00000000ebd00000)
  to   space 2560K, 0% used [0x00000000eb800000,0x00000000eb800000,0x00000000eba80000)
 ParOldGen       total 298496K, used 288172K [0x00000000c0000000, 0x00000000d2380000, 0x00000000eab00000)
  object space 298496K, 96% used [0x00000000c0000000,0x00000000d196b0e8,0x00000000d2380000)
 Metaspace       used 105569K, committed 106944K, reserved 1179648K
  class space    used 10437K, committed 11072K, reserved 1048576K
}

